[18:29:58] [main/INFO]: Setting user: ever
[18:30:02] [Client thread/INFO]: LWJGL Version: 2.9.1
[18:30:19] [Client thread/INFO]: Reloading ResourceManager: Default, FMLFileResourcePack:Forge Mod Loader, FMLFileResourcePack:Minecraft Forge, FMLFileResourcePack:Not Enough Items, FMLFileResourcePack:Better Furnaces, FMLFileResourcePack:bspkrsCore, FMLFileResourcePack:Armourer's Workshop, FMLFileResourcePack:Avaritia, FMLFileResourcePack:Carpenter's Blocks, FMLFileResourcePack:Chest Transporter, FMLFileResourcePack:MineTweaker 3, FMLFileResourcePack:CustomNpcs, FMLFileResourcePack:Damage Indicators, FMLFileResourcePack:Dragon Block C, FMLFileResourcePack:DragonTorango, FMLFileResourcePack:EZ Storage EverNife Edition, FMLFileResourcePack:Inventory Tweaks, FMLFileResourcePack:Iron Chest, FMLFileResourcePack:JinRyuu's Better Render Addon, FMLFileResourcePack:JinRyuu's Family C, FMLFileResourcePack:JinRyuu's HD Skins Extended, FMLFileResourcePack:JourneyMap, FMLFileResourcePack:JinRyuu's JRMCore, FMLFileResourcePack:JinRyuu's Years C, FMLFileResourcePack:MineTweakerRecipeMaker, FMLFileResourcePack:DBCSkins, FMLFileResourcePack:Waila, F32-1.7.10.zip, Dragon Block Legends HD Resource Pack v2.zip
[18:30:19] [Client thread/WARN]: ResourcePack: ignored non-lowercase namespace: DBCskins in C:\Users\Petrus\Desktop\Meus\workshop\workshop\Launcher\instances\finalcraft-dragonblock\minecraft\mods\SkinsDBC 1.0.4.jar
[18:30:19] [Client thread/WARN]: ResourcePack: ignored non-lowercase namespace: DBCskins in C:\Users\Petrus\Desktop\Meus\workshop\workshop\Launcher\instances\finalcraft-dragonblock\minecraft\mods\SkinsDBC 1.0.4.jar
[18:30:19] [Client thread/WARN]: ResourcePack: ignored non-lowercase namespace: DBCskins in C:\Users\Petrus\Desktop\Meus\workshop\workshop\Launcher\instances\finalcraft-dragonblock\minecraft\mods\SkinsDBC 1.0.4.jar
[18:30:19] [Client thread/WARN]: ResourcePack: ignored non-lowercase namespace: DBCskins in C:\Users\Petrus\Desktop\Meus\workshop\workshop\Launcher\instances\finalcraft-dragonblock\minecraft\mods\SkinsDBC 1.0.4.jar
[18:30:25] [Sound Library Loader/INFO]: Sound engine started
[18:30:26] [Client thread/WARN]: File customnpcs:sounds/creatures/misc/e.misc.scare.ogg does not exist, cannot add it to event customnpcs:e.misc.scare
[18:30:26] [Client thread/WARN]: File customnpcs:sounds/creatures/misc/e.misc.midas.ogg does not exist, cannot add it to event customnpcs:e.misc.midas
[18:30:26] [Client thread/WARN]: File customnpcs:sounds/creatures/misc/e.misc.applause.ogg does not exist, cannot add it to event customnpcs:e.misc.applause
[18:30:26] [Client thread/WARN]: File customnpcs:sounds/creatures/misc/e.misc.pageflip.ogg does not exist, cannot add it to event customnpcs:e.misc.pageflip
[18:30:26] [Client thread/WARN]: File customnpcs:sounds/creatures/misc/e.misc.pageopen.ogg does not exist, cannot add it to event customnpcs:e.misc.pageopen
[18:30:26] [Client thread/WARN]: File customnpcs:sounds/creatures/misc/e.misc.teleport.ogg does not exist, cannot add it to event customnpcs:e.misc.teleport
[18:30:26] [Client thread/WARN]: File customnpcs:sounds/creatures/misc/e.misc.heal.ogg does not exist, cannot add it to event customnpcs:e.misc.heal
[18:30:26] [Client thread/WARN]: File customnpcs:sounds/npc/HumanMaleStandardNPC/e.npc.HumanMaleStandardNPCFarewell03.ogg does not exist, cannot add it to event customnpcs:e.npc.HumanMaleStandardNPCFarewell03
[18:30:28] [Client thread/INFO]: Created: 16x16 textures/blocks-atlas
[18:30:28] [Client thread/INFO]: Created: 16x16 textures/items-atlas
[18:30:36] [Client thread/INFO]: Reloading ResourceManager: Default, FMLFileResourcePack:Forge Mod Loader, FMLFileResourcePack:Minecraft Forge, FMLFileResourcePack:Not Enough Items, FMLFileResourcePack:Better Furnaces, FMLFileResourcePack:bspkrsCore, FMLFileResourcePack:Armourer's Workshop, FMLFileResourcePack:Avaritia, FMLFileResourcePack:Carpenter's Blocks, FMLFileResourcePack:Chest Transporter, FMLFileResourcePack:MineTweaker 3, FMLFileResourcePack:CustomNpcs, FMLFileResourcePack:Damage Indicators, FMLFileResourcePack:Dragon Block C, FMLFileResourcePack:DragonTorango, FMLFileResourcePack:EZ Storage EverNife Edition, FMLFileResourcePack:Inventory Tweaks, FMLFileResourcePack:Iron Chest, FMLFileResourcePack:JinRyuu's Better Render Addon, FMLFileResourcePack:JinRyuu's Family C, FMLFileResourcePack:JinRyuu's HD Skins Extended, FMLFileResourcePack:JourneyMap, FMLFileResourcePack:JinRyuu's JRMCore, FMLFileResourcePack:JinRyuu's Years C, FMLFileResourcePack:MineTweakerRecipeMaker, FMLFileResourcePack:DBCSkins, FMLFileResourcePack:Waila, FMLFileResourcePack:Carpenter's Blocks Cached Resources, F32-1.7.10.zip, Dragon Block Legends HD Resource Pack v2.zip
[18:30:36] [Client thread/WARN]: ResourcePack: ignored non-lowercase namespace: DBCskins in C:\Users\Petrus\Desktop\Meus\workshop\workshop\Launcher\instances\finalcraft-dragonblock\minecraft\mods\SkinsDBC 1.0.4.jar
[18:30:36] [Client thread/WARN]: ResourcePack: ignored non-lowercase namespace: DBCskins in C:\Users\Petrus\Desktop\Meus\workshop\workshop\Launcher\instances\finalcraft-dragonblock\minecraft\mods\SkinsDBC 1.0.4.jar
[18:30:36] [Client thread/WARN]: ResourcePack: ignored non-lowercase namespace: DBCskins in C:\Users\Petrus\Desktop\Meus\workshop\workshop\Launcher\instances\finalcraft-dragonblock\minecraft\mods\SkinsDBC 1.0.4.jar
[18:30:36] [Client thread/WARN]: ResourcePack: ignored non-lowercase namespace: DBCskins in C:\Users\Petrus\Desktop\Meus\workshop\workshop\Launcher\instances\finalcraft-dragonblock\minecraft\mods\SkinsDBC 1.0.4.jar
[18:30:39] [Client thread/INFO]: textures/blocks: dropping miplevel from 4 to 3, because of minTexel: 14
[18:30:39] [Client thread/INFO]: Created: 2048x2048 textures/blocks-atlas
